===========================================================
Received0x52 - Temperature and humidity sensors
RFXData : 0A520200F40200CB420150
Sent xpl-trig
{
hop=1
source=dhs-xplrfx.pyehdxfa
target=*
}
sensor.basic
{
device=th2F402
current=20.3
units=c
type=temperature
}

Sent xpl-trig
{
hop=1
source=dhs-xplrfx.pyehdxfa
target=*
}
sensor.basic
{
device=th2F402
current=66
description=comfort
type=humidity
}

Sent xpl-trig
{
hop=1
source=dhs-xplrfx.pyehdxfa
target=*
}
sensor.basic
{
device=th2F402
current=0
type=battery
}

===========================================================
Received0x56 - Wind Sensors 
RFXData : 10560201C1000070000C000C00005EA659
Sent xpl-trig
{
hop=1
source=dhs-xplrfx.pyehdxfa
target=*
}
sensor.basic
{
device=wind2C100
current=1.2
units=mps
type=gust
}

Sent xpl-trig
{
hop=1
source=dhs-xplrfx.pyehdxfa
target=*
}
sensor.basic
{
device=wind2C100
current=1.2
units=mps
type=average_speed
}

Sent xpl-trig
{
hop=1
source=dhs-xplrfx.pyehdxfa
target=*
}
sensor.basic
{
device=wind2C100
current=112
type=direction
}

Sent xpl-trig
{
hop=1
source=dhs-xplrfx.pyehdxfa
target=*
}
sensor.basic
{
device=wind2C100
current=100
type=battery
}

===========================================================
Received0x50 - Temperature Sensors
RFXData : 08500202730100E869
Sent xpl-trig
{
hop=1
source=dhs-xplrfx.pyehdxfa
target=*
}
sensor.basic
{
device=temp27301
current=23.2
units=c
type=temperature
}

Sent xpl-trig
{
hop=1
source=dhs-xplrfx.pyehdxfa
target=*
}
sensor.basic
{
device=temp27301
current=100
type=battery
}

===========================================================
Received0x56 - Wind Sensors 
RFXData : 10560203C100005A000C001200005EA659
Sent xpl-trig
{
hop=1
source=dhs-xplrfx.pyehdxfa
target=*
}
sensor.basic
{
device=wind2C100
current=1.8
units=mps
type=gust
}

Sent xpl-trig
{
hop=1
source=dhs-xplrfx.pyehdxfa
target=*
}
sensor.basic
{
device=wind2C100
current=1.2
units=mps
type=average_speed
}

Sent xpl-trig
{
hop=1
source=dhs-xplrfx.pyehdxfa
target=*
}
sensor.basic
{
device=wind2C100
current=90
type=direction
}

Sent xpl-trig
{
hop=1
source=dhs-xplrfx.pyehdxfa
target=*
}
sensor.basic
{
device=wind2C100
current=100
type=battery
}

===========================================================
Received0x5A - Energy Usage Sensors
RFXData : 115A010436C20000001A380000185F084779
Sent xpl-trig
{
hop=1
source=dhs-xplrfx.pyehdxfa
target=*
}
sensor.basic
{
device=elec236C2
current=6712
type=power
units=kw
}

Sent xpl-trig
{
hop=1
source=dhs-xplrfx.pyehdxfa
target=*
}
sensor.basic
{
device=elec236C2
current=1.8E6
type=total
units=kw
}

Sent xpl-trig
{
hop=1
source=dhs-xplrfx.pyehdxfa
target=*
}
sensor.basic
{
device=elec236C2
current=100
type=battery
}

===========================================================
Received0x52 - Temperature and humidity sensors
RFXData : 0A520105D90100F6330169
Sent xpl-trig
{
hop=1
source=dhs-xplrfx.pyehdxfa
target=*
}
sensor.basic
{
device=th1D901
current=24.6
units=c
type=temperature
}

Sent xpl-trig
{
hop=1
source=dhs-xplrfx.pyehdxfa
target=*
}
sensor.basic
{
device=th1D901
current=51
description=comfort
type=humidity
}

Sent xpl-trig
{
hop=1
source=dhs-xplrfx.pyehdxfa
target=*
}
sensor.basic
{
device=th1D901
current=100
type=battery
}

===========================================================
Received0x52 - Temperature and humidity sensors
RFXData : 0A520106070100EB350150
Sent xpl-trig
{
hop=1
source=dhs-xplrfx.pyehdxfa
target=*
}
sensor.basic
{
device=th10701
current=23.5
units=c
type=temperature
}

Sent xpl-trig
{
hop=1
source=dhs-xplrfx.pyehdxfa
target=*
}
sensor.basic
{
device=th10701
current=53
description=comfort
type=humidity
}

Sent xpl-trig
{
hop=1
source=dhs-xplrfx.pyehdxfa
target=*
}
sensor.basic
{
device=th10701
current=0
type=battery
}

