25/05/04 16:52:50

xpl-trig
{
hop=1
source=TONYT-MR26EE.HAPC
target=*
}
x10.basic
{
command=ON
device=C8
}

----------------------------------------------------------
25/05/04 16:52:50

xpl-cmnd
{
hop=1
source=xpl-xplhal.hapc
target=*
}
X10.BASIC
{
Device=D11
Command=ON
}

----------------------------------------------------------
25/05/04 16:52:50

xpl-trig
{
hop=1
source=TONYT-CM12U.hapc
target=*
}
X10.CONFIRM
{
Command=ON
Device=D11
}

----------------------------------------------------------
25/05/04 16:52:52

xpl-trig
{
hop=1
source=TONYT-MR26EE.HAPC
target=*
}
x10.basic
{
command=ON
device=S5
}

----------------------------------------------------------
25/05/04 16:52:52

xpl-trig
{
hop=1
source=xpl-xplhal.hapc
target=*
}
x10.basic
{
device=C6
command=on
}

----------------------------------------------------------
25/05/04 16:52:53

xpl-trig
{
hop=1
source=TONYT-MR26EE.HAPC
target=*
}
x10.basic
{
command=ON
device=C6
}

----------------------------------------------------------
25/05/04 16:52:55

xpl-trig
{
hop=1
source=TONYT-MR26EE.HAPC
target=*
}
x10.basic
{
command=OFF
device=S5
}

----------------------------------------------------------
25/05/04 16:52:55

xpl-cmnd
{
hop=1
source=xpl-xplhal.hapc
target=TONYT-XQL.MASTER
}
DB.XQL
{
Command=ADD
SQL=SELECT * FROM [Statistics];
Item=OFFICE DOOR
Start=25/05/2004 16:49:46
End=25/05/2004 16:49:49
}

----------------------------------------------------------
25/05/04 16:52:55

xpl-stat
{
hop=1
source=tonyt-xql.master
target=xpl-xplhal.hapc
}
DB.XQL
{
STATUS=OK
COMMAND=ADD
SQLID=51
}

----------------------------------------------------------
25/05/04 16:52:55

xpl-stat
{
hop=1
source=tonyt-rionet.hapc
target=*
}
hbeat.app
{
interval=5
port=50004
remote-ip=192.168.1.50
}

----------------------------------------------------------
25/05/04 16:52:55

xpl-stat
{
hop=1
source=tonyt-rio.office
target=*
}
hbeat.app
{
interval=5
port=50005
remote-ip=192.168.1.50
}

----------------------------------------------------------
25/05/04 16:52:55

xpl-stat
{
hop=1
source=tonyt-rio.exstreamer
target=*
}
hbeat.app
{
interval=5
port=50006
remote-ip=192.168.1.50
}

----------------------------------------------------------
25/05/04 16:52:55

xpl-stat
{
hop=1
source=tonyt-rio.frontbed
target=*
}
hbeat.app
{
interval=5
port=50007
remote-ip=192.168.1.50
}

----------------------------------------------------------
25/05/04 16:52:55

xpl-stat
{
hop=1
source=tonyt-rio.bathroom
target=*
}
hbeat.app
{
interval=5
port=50008
remote-ip=192.168.1.50
}

----------------------------------------------------------
25/05/04 16:52:55

xpl-stat
{
hop=1
source=tonyt-rio.lounge
target=*
}
hbeat.app
{
interval=5
port=50009
remote-ip=192.168.1.50
}

----------------------------------------------------------
25/05/04 16:52:55

xpl-stat
{
hop=1
source=tonyt-rio.pseudo
target=*
}
hbeat.app
{
interval=5
port=50010
remote-ip=192.168.1.50
}

----------------------------------------------------------
25/05/04 16:52:55

xpl-stat
{
hop=1
source=tonyt-rio.wireless
target=*
}
hbeat.app
{
interval=5
port=50011
remote-ip=192.168.1.50
}

----------------------------------------------------------
25/05/04 16:52:57

xpl-trig
{
hop=1
source=TONYT-MR26EE.HAPC
target=*
}
x10.basic
{
command=ON
device=S7
}

----------------------------------------------------------
25/05/04 16:52:57

xpl-trig
{
hop=1
source=xpl-xplhal.hapc
target=*
}
x10.basic
{
device=C4
command=on
}

----------------------------------------------------------
25/05/04 16:52:59

xpl-trig
{
hop=1
source=TONYT-MR26EE.HAPC
target=*
}
x10.basic
{
command=ON
device=C4
}

----------------------------------------------------------
25/05/04 16:53:00

xpl-trig
{
hop=1
source=TONYT-MR26EE.HAPC
target=*
}
x10.basic
{
command=OFF
device=S7
}

----------------------------------------------------------
25/05/04 16:53:00

xpl-cmnd
{
hop=1
source=xpl-xplhal.hapc
target=TONYT-XQL.MASTER
}
DB.XQL
{
Command=ADD
SQL=SELECT * FROM [Statistics];
Item=FRONT BEDROOM DOOR
Start=25/05/2004 16:49:51
End=25/05/2004 16:49:55
}

----------------------------------------------------------
25/05/04 16:53:00

xpl-stat
{
hop=1
source=tonyt-xql.master
target=xpl-xplhal.hapc
}
DB.XQL
{
STATUS=OK
COMMAND=ADD
SQLID=51
}

----------------------------------------------------------
25/05/04 16:53:08

xpl-trig
{
hop=1
source=tonyt-rio.frontbed
target=*
}
remote.basic
{
zone=frontbed
device=frontbed
Keys=0x185
power=off
}

----------------------------------------------------------
25/05/04 16:53:08

xpl-cmnd
{
hop=1
source=xpl-xplhal.hapc
target=*
}
x10.basic
{
device=m1
command=on
}

----------------------------------------------------------
25/05/04 16:53:08

xpl-trig
{
hop=1
source=TONYT-CM12U.hapc
target=*
}
X10.CONFIRM
{
Command=ON
Device=M1
}

----------------------------------------------------------
25/05/04 16:53:13

xpl-trig
{
hop=1
source=tonyt-rio.frontbed
target=*
}
remote.basic
{
zone=frontbed
device=frontbed
Keys=0x19d
power=off
}

----------------------------------------------------------
25/05/04 16:53:13

xpl-trig
{
hop=1
source=tonyt-rio.frontbed
target=*
}
remote.basic
{
zone=frontbed
device=frontbed
Keys=0x194
power=off
}

----------------------------------------------------------
25/05/04 16:53:13

xpl-cmnd
{
hop=1
source=xpl-xplhal.hapc
target=tonyt-redrat2.ir1
}
remote.basic
{
zone=ir1
device=MATRIX2
keys=tv
}

----------------------------------------------------------
25/05/04 16:53:17

xpl-trig
{
hop=1
source=tonyt-rio.frontbed
target=*
}
remote.basic
{
zone=frontbed
device=frontbed
Keys=0x19d
power=off
}

----------------------------------------------------------
25/05/04 16:53:17

xpl-trig
{
hop=1
source=tonyt-rio.frontbed
target=*
}
remote.basic
{
zone=frontbed
device=frontbed
Keys=0x19a
power=off
}

----------------------------------------------------------
25/05/04 16:53:17

xpl-cmnd
{
hop=1
source=xpl-xplhal.hapc
target=tonyt-redrat2.ir1
}
remote.basic
{
zone=ir1
device=MATRIX2
keys=hapc
}

----------------------------------------------------------
25/05/04 16:53:18

xpl-stat
{
hop=1
source=TONYT-DAWNDUSK.HAPC
target=*
}
hbeat.app
{
interval=5
port=50013
remote-ip=192.168.1.50
}

----------------------------------------------------------
25/05/04 16:53:19

xpl-stat
{
hop=1
source=TONYT-METEOR.line1
target=*
}
hbeat.app
{
interval=5
port=50014
remote-ip=192.168.1.50
}

----------------------------------------------------------
25/05/04 16:53:20

xpl-stat
{
hop=1
source=TONYT-MR26EE.HAPC
target=*
}
hbeat.app
{
interval=5
port=50015
remote-ip=192.168.1.50
}

----------------------------------------------------------
25/05/04 16:53:22

xpl-stat
{
hop=1
source=TONYT-REDEYE.NTL
target=*
}
hbeat.app
{
interval=5
port=50016
remote-ip=192.168.1.50
}

----------------------------------------------------------
25/05/04 16:53:24

xpl-trig
{
hop=1
source=tonyt-rio.frontbed
target=*
}
remote.basic
{
zone=frontbed
device=frontbed
Keys=0x19d
power=off
}

----------------------------------------------------------
25/05/04 16:53:25

xpl-trig
{
hop=1
source=tonyt-rio.frontbed
target=*
}
remote.basic
{
zone=frontbed
device=frontbed
Keys=0x194
power=off
}

----------------------------------------------------------
25/05/04 16:53:26

xpl-stat
{
hop=1
source=GSHED-SMS.HAPC
target=*
}
hbeat.app
{
interval=5
port=50018
remote-ip=192.168.1.50
}

----------------------------------------------------------
25/05/04 16:53:27

xpl-stat
{
hop=1
source=TONYT-VIDEO.HAPC
target=*
}
hbeat.app
{
interval=5
port=50020
remote-ip=192.168.1.50
}

----------------------------------------------------------
25/05/04 16:53:28

xpl-stat
{
hop=1
source=TONYT-WEBCAM.lounge
target=*
}
hbeat.app
{
interval=5
port=50021
remote-ip=192.168.1.50
}

----------------------------------------------------------
25/05/04 16:53:34

xpl-trig
{
hop=1
source=tonyt-rio.frontbed
target=*
}
remote.basic
{
zone=frontbed
device=frontbed
Keys=0x19d
power=off
}

----------------------------------------------------------
25/05/04 16:53:34

xpl-trig
{
hop=1
source=tonyt-rio.frontbed
target=*
}
remote.basic
{
zone=frontbed
device=frontbed
Keys=0x194
power=off
}

----------------------------------------------------------
25/05/04 16:53:34

xpl-cmnd
{
hop=1
source=xpl-xplhal.hapc
target=tonyt-redrat2.ir1
}
remote.basic
{
zone=ir1
device=MATRIX2
keys=tv
}

----------------------------------------------------------
25/05/04 16:53:47

xpl-trig
{
hop=1
source=tonyt-rio.frontbed
target=*
}
remote.basic
{
zone=frontbed
device=frontbed
Keys=0x192
power=off
}

----------------------------------------------------------
25/05/04 16:53:47

xpl-cmnd
{
hop=1
source=xpl-xplhal.hapc
target=tonyt-redrat2.ir1
}
remote.basic
{
zone=ir1
device=tivo
keys=3
}

----------------------------------------------------------
25/05/04 16:53:48

xpl-trig
{
hop=1
source=tonyt-rio.frontbed
target=*
}
remote.basic
{
zone=frontbed
device=frontbed
Keys=0x193
power=off
}

----------------------------------------------------------
25/05/04 16:53:48

xpl-cmnd
{
hop=1
source=xpl-xplhal.hapc
target=tonyt-redrat2.ir1
}
remote.basic
{
zone=ir1
device=tivo
keys=0
}

----------------------------------------------------------
25/05/04 16:54:01

xpl-trig
{
hop=1
source=tonyt-rio.frontbed
target=*
}
remote.basic
{
zone=frontbed
device=frontbed
Keys=0x188
power=off
}

----------------------------------------------------------
25/05/04 16:54:01

xpl-cmnd
{
hop=1
source=xpl-xplhal.hapc
target=tonyt-redrat2.ir1
}
remote.basic
{
zone=ir1
device=tivo
keys=guide
}

----------------------------------------------------------
25/05/04 16:54:11

xpl-stat
{
hop=1
source=xpl-xplhal.hapc
target=*
}
hbeat.app
{
interval=5
port=50001
remote-ip=192.168.1.50
}

----------------------------------------------------------
25/05/04 16:54:12

xpl-trig
{
hop=1
source=tonyt-rio.frontbed
target=*
}
remote.basic
{
zone=frontbed
device=frontbed
Keys=0x18c
power=off
}

----------------------------------------------------------
25/05/04 16:54:12

xpl-cmnd
{
hop=1
source=xpl-xplhal.hapc
target=tonyt-redrat2.ir1
}
remote.basic
{
zone=ir1
device=tivo
keys=pageup
}

----------------------------------------------------------
25/05/04 16:54:13

xpl-trig
{
hop=1
source=TONYT-MR26EE.HAPC
target=*
}
x10.basic
{
command=OFF
device=C8
}

----------------------------------------------------------
25/05/04 16:54:18

xpl-trig
{
hop=1
source=tonyt-rio.frontbed
target=*
}
remote.basic
{
zone=frontbed
device=frontbed
Keys=0x18c
power=off
}

----------------------------------------------------------
25/05/04 16:54:18

xpl-cmnd
{
hop=1
source=xpl-xplhal.hapc
target=tonyt-redrat2.ir1
}
remote.basic
{
zone=ir1
device=tivo
keys=pageup
}

----------------------------------------------------------
25/05/04 16:54:22

xpl-trig
{
hop=1
source=TONYT-MR26EE.HAPC
target=*
}
x10.basic
{
command=OFF
device=C4
}

----------------------------------------------------------
25/05/04 16:54:24

xpl-trig
{
hop=1
source=tonyt-rio.frontbed
target=*
}
remote.basic
{
zone=frontbed
device=frontbed
Keys=0x18c
power=off
}

----------------------------------------------------------
25/05/04 16:54:24

xpl-cmnd
{
hop=1
source=xpl-xplhal.hapc
target=tonyt-redrat2.ir1
}
remote.basic
{
zone=ir1
device=tivo
keys=pageup
}

----------------------------------------------------------
25/05/04 16:54:29

xpl-trig
{
hop=1
source=tonyt-rio.frontbed
target=*
}
remote.basic
{
zone=frontbed
device=frontbed
Keys=0x18c
power=off
}

----------------------------------------------------------
25/05/04 16:54:29

xpl-cmnd
{
hop=1
source=xpl-xplhal.hapc
target=tonyt-redrat2.ir1
}
remote.basic
{
zone=ir1
device=tivo
keys=pageup
}

----------------------------------------------------------
25/05/04 16:54:35

xpl-trig
{
hop=1
source=tonyt-rio.frontbed
target=*
}
remote.basic
{
zone=frontbed
device=frontbed
Keys=0x18c
power=off
}

----------------------------------------------------------
25/05/04 16:54:35

xpl-cmnd
{
hop=1
source=xpl-xplhal.hapc
target=tonyt-redrat2.ir1
}
remote.basic
{
zone=ir1
device=tivo
keys=pageup
}

----------------------------------------------------------
25/05/04 16:54:41

xpl-trig
{
hop=1
source=tonyt-rio.frontbed
target=*
}
remote.basic
{
zone=frontbed
device=frontbed
Keys=0x18c
power=off
}

----------------------------------------------------------
25/05/04 16:54:41

xpl-cmnd
{
hop=1
source=xpl-xplhal.hapc
target=tonyt-redrat2.ir1
}
remote.basic
{
zone=ir1
device=tivo
keys=pageup
}

----------------------------------------------------------
25/05/04 16:54:45

xpl-trig
{
hop=1
source=tonyt-rio.frontbed
target=*
}
remote.basic
{
zone=frontbed
device=frontbed
Keys=0x18c
power=off
}

----------------------------------------------------------
25/05/04 16:54:45

xpl-cmnd
{
hop=1
source=xpl-xplhal.hapc
target=tonyt-redrat2.ir1
}
remote.basic
{
zone=ir1
device=tivo
keys=pageup
}

----------------------------------------------------------
25/05/04 16:54:51

xpl-trig
{
hop=1
source=tonyt-rio.frontbed
target=*
}
remote.basic
{
zone=frontbed
device=frontbed
Keys=0x18c
power=off
}

----------------------------------------------------------
25/05/04 16:54:51

xpl-cmnd
{
hop=1
source=xpl-xplhal.hapc
target=tonyt-redrat2.ir1
}
remote.basic
{
zone=ir1
device=tivo
keys=pageup
}

----------------------------------------------------------
25/05/04 16:54:53

xpl-stat
{
hop=1
source=TONYT-TIVOOSD.lounge
target=*
}
hbeat.app
{
interval=5
port=50000
remote-ip=192.168.1.40
}

----------------------------------------------------------
25/05/04 16:54:56

xpl-trig
{
hop=1
source=tonyt-rio.frontbed
target=*
}
remote.basic
{
zone=frontbed
device=frontbed
Keys=0x18c
power=off
}

----------------------------------------------------------
25/05/04 16:54:56

xpl-cmnd
{
hop=1
source=xpl-xplhal.hapc
target=tonyt-redrat2.ir1
}
remote.basic
{
zone=ir1
device=tivo
keys=pageup
}

----------------------------------------------------------
25/05/04 16:55:03

xpl-trig
{
hop=1
source=tonyt-rio.frontbed
target=*
}
remote.basic
{
zone=frontbed
device=frontbed
Keys=0x18c
power=off
}

----------------------------------------------------------
25/05/04 16:55:03

xpl-cmnd
{
hop=1
source=xpl-xplhal.hapc
target=tonyt-redrat2.ir1
}
remote.basic
{
zone=ir1
device=tivo
keys=pageup
}

----------------------------------------------------------
25/05/04 16:55:09

xpl-trig
{
hop=1
source=tonyt-rio.frontbed
target=*
}
remote.basic
{
zone=frontbed
device=frontbed
Keys=0x18c
power=off
}

----------------------------------------------------------
25/05/04 16:55:09

xpl-cmnd
{
hop=1
source=xpl-xplhal.hapc
target=tonyt-redrat2.ir1
}
remote.basic
{
zone=ir1
device=tivo
keys=pageup
}

----------------------------------------------------------
25/05/04 16:55:15

xpl-trig
{
hop=1
source=tonyt-rio.frontbed
target=*
}
remote.basic
{
zone=frontbed
device=frontbed
Keys=0x18c
power=off
}

----------------------------------------------------------
25/05/04 16:55:16

xpl-cmnd
{
hop=1
source=xpl-xplhal.hapc
target=tonyt-redrat2.ir1
}
remote.basic
{
zone=ir1
device=tivo
keys=pageup
}

----------------------------------------------------------
25/05/04 16:55:19

xpl-trig
{
hop=1
source=tonyt-rio.frontbed
target=*
}
remote.basic
{
zone=frontbed
device=frontbed
Keys=0x181
power=off
}

----------------------------------------------------------
25/05/04 16:55:19

xpl-cmnd
{
hop=1
source=xpl-xplhal.hapc
target=tonyt-redrat2.ir1
}
remote.basic
{
zone=ir1
device=tivo
keys=down
}

----------------------------------------------------------
25/05/04 16:55:25

xpl-trig
{
hop=1
source=tonyt-rio.frontbed
target=*
}
remote.basic
{
zone=frontbed
device=frontbed
Keys=0x182
power=off
}

----------------------------------------------------------
25/05/04 16:55:25

xpl-cmnd
{
hop=1
source=xpl-xplhal.hapc
target=tonyt-redrat2.ir1
}
remote.basic
{
zone=ir1
device=tivo
keys=select
}

----------------------------------------------------------
25/05/04 16:55:42

xpl-trig
{
hop=1
source=tonyt-rio.frontbed
target=*
}
remote.basic
{
zone=frontbed
device=frontbed
Keys=0x19d
power=off
}

----------------------------------------------------------
25/05/04 16:55:43

xpl-trig
{
hop=1
source=tonyt-rio.frontbed
target=*
}
remote.basic
{
zone=frontbed
device=frontbed
Keys=0x196
power=off
}

----------------------------------------------------------
25/05/04 16:55:46

xpl-trig
{
hop=1
source=tonyt-rio.frontbed
target=*
}
remote.basic
{
zone=frontbed
device=frontbed
Keys=0x190
power=off
}

----------------------------------------------------------
25/05/04 16:55:46

xpl-cmnd
{
hop=1
source=xpl-xplhal.hapc
target=*
}
x10.basic
{
device=m1
command=off
}

----------------------------------------------------------
25/05/04 16:55:46

xpl-trig
{
hop=1
source=TONYT-CM12U.hapc
target=*
}
X10.CONFIRM
{
Command=OFF
Device=M1
}

----------------------------------------------------------
25/05/04 16:55:51

xpl-trig
{
hop=1
source=TONYT-MR26EE.HAPC
target=*
}
x10.basic
{
command=ON
device=C4
}

----------------------------------------------------------
25/05/04 16:55:53

xpl-stat
{
hop=1
source=johnb-winamp.doorbell
target=*
}
hbeat.app
{
interval=5
port=50012
remote-ip=192.168.1.50
pid=14024704
schema=audio.basic
status=stopped
}

----------------------------------------------------------
25/05/04 16:55:54

xpl-trig
{
hop=1
source=TONYT-MR26EE.HAPC
target=*
}
x10.basic
{
command=ON
device=S7
}

----------------------------------------------------------
25/05/04 16:55:56

xpl-trig
{
hop=1
source=TONYT-MR26EE.HAPC
target=*
}
x10.basic
{
command=ON
device=C6
}

----------------------------------------------------------
25/05/04 16:55:57

xpl-trig
{
hop=1
source=TONYT-MR26EE.HAPC
target=*
}
x10.basic
{
command=OFF
device=S7
}

----------------------------------------------------------
25/05/04 16:55:57

xpl-cmnd
{
hop=1
source=xpl-xplhal.hapc
target=TONYT-XQL.MASTER
}
DB.XQL
{
Command=ADD
SQL=SELECT * FROM [Statistics];
Item=FRONT BEDROOM DOOR
Start=25/05/2004 16:52:48
End=25/05/2004 16:52:51
}

----------------------------------------------------------
25/05/04 16:55:57

xpl-stat
{
hop=1
source=tonyt-xql.master
target=xpl-xplhal.hapc
}
DB.XQL
{
STATUS=OK
COMMAND=ADD
SQLID=51
}

----------------------------------------------------------
25/05/04 16:56:05

xpl-trig
{
hop=1
source=TONYT-MR26EE.HAPC
target=*
}
x10.basic
{
command=ON
device=B2
}

----------------------------------------------------------
25/05/04 16:56:07

xpl-stat
{
hop=1
source=TONYT-TTS.HAPC
target=*
}
hbeat.app
{
interval=5
port=50019
remote-ip=192.168.1.50
}

----------------------------------------------------------
25/05/04 16:56:13

xpl-trig
{
hop=1
source=TONYT-MR26EE.HAPC
target=*
}
x10.basic
{
command=ON
device=A4
}

----------------------------------------------------------
25/05/04 16:56:16

xpl-trig
{
hop=1
source=TONYT-MR26EE.HAPC
target=*
}
x10.basic
{
command=ON
device=A6
}

----------------------------------------------------------
25/05/04 16:56:16

xpl-cmnd
{
hop=1
source=xpl-xplhal.hapc
target=*
}
X10.BASIC
{
Device=D2
Command=ON
}

----------------------------------------------------------
25/05/04 16:56:16

xpl-trig
{
hop=1
source=TONYT-CM12U.hapc
target=*
}
X10.CONFIRM
{
Command=ON
Device=D2
}

----------------------------------------------------------
25/05/04 16:56:51

xpl-trig
{
hop=1
source=TONYT-MR26EE.HAPC
target=*
}
x10.basic
{
command=ON
device=A6
}

----------------------------------------------------------
25/05/04 16:56:51

xpl-cmnd
{
hop=1
source=xpl-xplhal.hapc
target=*
}
X10.BASIC
{
Device=D2
Command=ON
}

----------------------------------------------------------
25/05/04 16:56:51

xpl-trig
{
hop=1
source=TONYT-CM12U.hapc
target=*
}
X10.CONFIRM
{
Command=ON
Device=D2
}

----------------------------------------------------------
25/05/04 16:57:00

xpl-stat
{
hop=1
source=TONYT-REDRAT2.ir1
target=*
}
hbeat.app
{
interval=5
port=50017
remote-ip=192.168.1.50
}

----------------------------------------------------------
25/05/04 16:57:09

xpl-trig
{
hop=1
source=TONYT-MR26EE.HAPC
target=*
}
x10.basic
{
command=ON
device=A6
}

----------------------------------------------------------
25/05/04 16:57:09

xpl-cmnd
{
hop=1
source=xpl-xplhal.hapc
target=*
}
X10.BASIC
{
Device=D2
Command=ON
}

----------------------------------------------------------
25/05/04 16:57:09

xpl-trig
{
hop=1
source=TONYT-CM12U.hapc
target=*
}
X10.CONFIRM
{
Command=ON
Device=D2
}

----------------------------------------------------------
25/05/04 16:57:14

xpl-trig
{
hop=1
source=TONYT-MR26EE.HAPC
target=*
}
x10.basic
{
command=OFF
device=C4
}

----------------------------------------------------------
25/05/04 16:57:23

xpl-stat
{
hop=1
source=TONYT-CM12U.hapc
target=*
}
hbeat.app
{
interval=5
port=50000
remote-ip=192.168.1.50
}

----------------------------------------------------------
25/05/04 16:57:46

xpl-trig
{
hop=1
source=TONYT-MR26EE.HAPC
target=*
}
x10.basic
{
command=ON
device=A6
}

----------------------------------------------------------
25/05/04 16:57:46

xpl-cmnd
{
hop=1
source=xpl-xplhal.hapc
target=*
}
X10.BASIC
{
Device=D2
Command=ON
}

----------------------------------------------------------
25/05/04 16:57:46

xpl-trig
{
hop=1
source=TONYT-CM12U.hapc
target=*
}
X10.CONFIRM
{
Command=ON
Device=D2
}

----------------------------------------------------------
25/05/04 16:58:18

xpl-stat
{
hop=1
source=TONYT-DAWNDUSK.HAPC
target=*
}
hbeat.app
{
interval=5
port=50013
remote-ip=192.168.1.50
}

----------------------------------------------------------
25/05/04 16:58:19

xpl-stat
{
hop=1
source=TONYT-METEOR.line1
target=*
}
hbeat.app
{
interval=5
port=50014
remote-ip=192.168.1.50
}

----------------------------------------------------------
25/05/04 16:58:20

xpl-stat
{
hop=1
source=TONYT-MR26EE.HAPC
target=*
}
hbeat.app
{
interval=5
port=50015
remote-ip=192.168.1.50
}

----------------------------------------------------------
25/05/04 16:58:22

xpl-stat
{
hop=1
source=TONYT-REDEYE.NTL
target=*
}
hbeat.app
{
interval=5
port=50016
remote-ip=192.168.1.50
}

----------------------------------------------------------
25/05/04 16:58:26

xpl-stat
{
hop=1
source=GSHED-SMS.HAPC
target=*
}
hbeat.app
{
interval=5
port=50018
remote-ip=192.168.1.50
}

----------------------------------------------------------
25/05/04 16:58:27

xpl-stat
{
hop=1
source=TONYT-VIDEO.HAPC
target=*
}
hbeat.app
{
interval=5
port=50020
remote-ip=192.168.1.50
}

----------------------------------------------------------
25/05/04 16:58:28

xpl-stat
{
hop=1
source=TONYT-WEBCAM.lounge
target=*
}
hbeat.app
{
interval=5
port=50021
remote-ip=192.168.1.50
}

----------------------------------------------------------
25/05/04 16:58:35

xpl-stat
{
hop=1
source=tonyt-xql.master
target=*
}
hbeat.app
{
interval=5
port=50002
remote-ip=192.168.1.50
}

----------------------------------------------------------
25/05/04 16:58:37

xpl-stat
{
hop=1
source=tonyt-vr.hapc
target=*
}
hbeat.app
{
interval=5
port=50003
remote-ip=192.168.1.50
}

----------------------------------------------------------
25/05/04 16:58:55

xpl-stat
{
hop=1
source=tonyt-rionet.hapc
target=*
}
hbeat.app
{
interval=5
port=50004
remote-ip=192.168.1.50
}

----------------------------------------------------------
25/05/04 16:58:55

xpl-stat
{
hop=1
source=tonyt-rio.office
target=*
}
hbeat.app
{
interval=5
port=50005
remote-ip=192.168.1.50
}

----------------------------------------------------------
25/05/04 16:58:55

xpl-stat
{
hop=1
source=tonyt-rio.exstreamer
target=*
}
hbeat.app
{
interval=5
port=50006
remote-ip=192.168.1.50
}

----------------------------------------------------------
25/05/04 16:58:55

xpl-stat
{
hop=1
source=tonyt-rio.frontbed
target=*
}
hbeat.app
{
interval=5
port=50007
remote-ip=192.168.1.50
}

----------------------------------------------------------
25/05/04 16:58:55

xpl-stat
{
hop=1
source=tonyt-rio.bathroom
target=*
}
hbeat.app
{
interval=5
port=50008
remote-ip=192.168.1.50
}

----------------------------------------------------------
25/05/04 16:58:55

xpl-stat
{
hop=1
source=tonyt-rio.lounge
target=*
}
hbeat.app
{
interval=5
port=50009
remote-ip=192.168.1.50
}

----------------------------------------------------------
25/05/04 16:58:55

xpl-stat
{
hop=1
source=tonyt-rio.pseudo
target=*
}
hbeat.app
{
interval=5
port=50010
remote-ip=192.168.1.50
}

----------------------------------------------------------
25/05/04 16:58:55

xpl-stat
{
hop=1
source=tonyt-rio.wireless
target=*
}
hbeat.app
{
interval=5
port=50011
remote-ip=192.168.1.50
}

----------------------------------------------------------
25/05/04 16:59:53

xpl-stat
{
hop=1
source=TONYT-TIVOOSD.lounge
target=*
}
hbeat.app
{
interval=5
port=50000
remote-ip=192.168.1.40
}

----------------------------------------------------------
25/05/04 17:00:11

xpl-trig
{
hop=1
source=TONYT-MR26EE.HAPC
target=*
}
x10.basic
{
command=ON
device=A6
}

----------------------------------------------------------
25/05/04 17:00:11

xpl-cmnd
{
hop=1
source=xpl-xplhal.hapc
target=*
}
X10.BASIC
{
Device=D2
Command=ON
}

----------------------------------------------------------
25/05/04 17:00:11

xpl-trig
{
hop=1
source=TONYT-CM12U.hapc
target=*
}
X10.CONFIRM
{
Command=ON
Device=D2
}

----------------------------------------------------------
25/05/04 17:00:11

xpl-stat
{
hop=1
source=xpl-xplhal.hapc
target=*
}
hbeat.app
{
interval=5
port=50001
remote-ip=192.168.1.50
}

----------------------------------------------------------
25/05/04 17:00:13

xpl-trig
{
hop=1
source=TONYT-MR26EE.HAPC
target=*
}
x10.basic
{
command=ON
device=A4
}

----------------------------------------------------------
25/05/04 17:00:14

xpl-trig
{
hop=1
source=TONYT-MR26EE.HAPC
target=*
}
x10.basic
{
command=ON
device=B2
}

----------------------------------------------------------
25/05/04 17:00:22

xpl-trig
{
hop=1
source=TONYT-MR26EE.HAPC
target=*
}
x10.basic
{
command=ON
device=C6
}

----------------------------------------------------------
25/05/04 17:00:30

xpl-trig
{
hop=1
source=TONYT-MR26EE.HAPC
target=*
}
x10.basic
{
command=ON
device=S5
}

----------------------------------------------------------
25/05/04 17:00:32

xpl-trig
{
hop=1
source=TONYT-MR26EE.HAPC
target=*
}
x10.basic
{
command=ON
device=C8
}

----------------------------------------------------------
25/05/04 17:00:32

xpl-cmnd
{
hop=1
source=xpl-xplhal.hapc
target=*
}
X10.BASIC
{
Device=D11
Command=ON
}

----------------------------------------------------------
25/05/04 17:00:32

xpl-trig
{
hop=1
source=TONYT-CM12U.hapc
target=*
}
X10.CONFIRM
{
Command=ON
Device=D11
}

----------------------------------------------------------
25/05/04 17:00:33

xpl-trig
{
hop=1
source=TONYT-MR26EE.HAPC
target=*
}
x10.basic
{
command=ON
device=C6
}

----------------------------------------------------------
25/05/04 17:00:34

xpl-trig
{
hop=1
source=TONYT-MR26EE.HAPC
target=*
}
x10.basic
{
command=OFF
device=S5
}

----------------------------------------------------------
25/05/04 17:00:34

xpl-cmnd
{
hop=1
source=xpl-xplhal.hapc
target=TONYT-XQL.MASTER
}
DB.XQL
{
Command=ADD
SQL=SELECT * FROM [Statistics];
Item=OFFICE DOOR
Start=25/05/2004 16:57:24
End=25/05/2004 16:57:28
}

----------------------------------------------------------
25/05/04 17:00:34

xpl-stat
{
hop=1
source=tonyt-xql.master
target=xpl-xplhal.hapc
}
DB.XQL
{
STATUS=OK
COMMAND=ADD
SQLID=51
}

----------------------------------------------------------
